[07-Oct-2024 06:24:26] NOTICE: fpm is running, pid 37764
[07-Oct-2024 06:24:26] NOTICE: ready to handle connections
[15-Oct-2024 23:01:02] NOTICE: Terminating ...
[15-Oct-2024 23:01:02] NOTICE: Terminating ...
[15-Oct-2024 23:01:02] NOTICE: exiting, bye-bye!
[16-Oct-2024 08:30:17] NOTICE: fpm is running, pid 56097
[16-Oct-2024 08:30:17] NOTICE: ready to handle connections
[24-Oct-2024 13:42:18] NOTICE: Terminating ...
[24-Oct-2024 13:42:18] NOTICE: Terminating ...
[24-Oct-2024 13:42:18] NOTICE: exiting, bye-bye!
[24-Oct-2024 14:50:42] NOTICE: fpm is running, pid 2746
[24-Oct-2024 14:50:42] NOTICE: ready to handle connections
[22-Nov-2024 23:29:20] NOTICE: Terminating ...
[22-Nov-2024 23:29:20] NOTICE: Terminating ...
[22-Nov-2024 23:29:20] NOTICE: exiting, bye-bye!
[22-Nov-2024 23:31:30] NOTICE: fpm is running, pid 1014
[22-Nov-2024 23:31:30] NOTICE: ready to handle connections
[26-Nov-2024 10:43:49] NOTICE: Terminating ...
[26-Nov-2024 10:43:49] NOTICE: Terminating ...
[26-Nov-2024 10:43:49] NOTICE: exiting, bye-bye!
[03-Dec-2024 23:55:34] NOTICE: fpm is running, pid 91475
[03-Dec-2024 23:55:34] NOTICE: ready to handle connections
[09-Dec-2024 09:49:04] NOTICE: Terminating ...
[09-Dec-2024 09:49:04] NOTICE: Terminating ...
[09-Dec-2024 09:49:04] NOTICE: exiting, bye-bye!
[26-Aug-2025 08:38:17] NOTICE: fpm is running, pid 35673
[26-Aug-2025 08:38:17] NOTICE: ready to handle connections
[26-Aug-2025 09:02:30] NOTICE: Terminating ...
[26-Aug-2025 09:02:30] NOTICE: Terminating ...
[26-Aug-2025 09:02:30] NOTICE: exiting, bye-bye!
[26-Aug-2025 20:05:18] NOTICE: fpm is running, pid 49539
[26-Aug-2025 20:05:18] NOTICE: ready to handle connections
[26-Aug-2025 20:18:49] NOTICE: Terminating ...
[26-Aug-2025 20:18:49] NOTICE: Terminating ...
[26-Aug-2025 20:18:49] NOTICE: exiting, bye-bye!
[26-Aug-2025 20:18:52] NOTICE: fpm is running, pid 49744
[26-Aug-2025 20:18:52] NOTICE: ready to handle connections
